<?xml version="1.0" encoding="UTF-8"?>
<!-- Generated by org.testng.reporters.JUnitReportReporter -->
<testsuite hostname="LAPTOP-PNIOOKB8" failures="0" tests="3" name="test.AddCategoryTest" time="13.383" errors="0" timestamp="12 Dec 2022 00:17:14 GMT" skipped="0">
  <testcase classname="test.AddCategoryTest" name="validUsershouldAbleToAddCategory" time="7.351"/>
  <testcase classname="test.AddCategoryTest" name="validUsershouldnotAbleToAddCategory" time="3.268"/>
  <testcase classname="test.AddCategoryTest" name="validateMpnthDropDown" time="2.764"/>
</testsuite> <!-- test.AddCategoryTest -->
